
 - ======================
Statement could not be executed (22001 - 1406 - Data too long for column 'variation_attributes' at row 1)
#0 module/Parser/src/Parser/Model/Product.php(585): Laminas\Db\Adapter\Driver\Pdo\Statement->execute()
#1 module/Parser/src/Parser/Model/Product.php(1673): Parser\Model\Product->update()
#2 module/Parser/src/Parser/Model/Product.php(1632): Parser\Model\Product->insertVariations()
#3 module/Parser/src/Parser/Model/Product.php(694): Parser\Model\Product->checkSyncStatus()
#4 module/Parser/src/Parser/Model/ProductSync.php(86): Parser\Model\Product->sync()
#5 module/Parser/src/Parser/Controller/ListController.php(208): Parser\Model\ProductSync->cronSyncProducts()
#6 vendor/laminas/laminas-mvc/src/Controller/AbstractActionController.php(72): Parser\Controller\ListController->syncAction()
#7 module/Parser/src/Parser/Controller/AbstractController.php(116): Laminas\Mvc\Controller\AbstractActionController->onDispatch()
#8 vendor/laminas/laminas-eventmanager/src/EventManager.php(320): Parser\Controller\AbstractController->onDispatch()
#9 vendor/laminas/laminas-eventmanager/src/EventManager.php(178): Laminas\EventManager\EventManager->triggerListeners()
#10 vendor/laminas/laminas-mvc/src/Controller/AbstractController.php(105): Laminas\EventManager\EventManager->triggerEventUntil()
#11 vendor/laminas/laminas-mvc/src/DispatchListener.php(117): Laminas\Mvc\Controller\AbstractController->dispatch()
#12 vendor/laminas/laminas-eventmanager/src/EventManager.php(320): Laminas\Mvc\DispatchListener->onDispatch()
#13 vendor/laminas/laminas-eventmanager/src/EventManager.php(178): Laminas\EventManager\EventManager->triggerListeners()
#14 vendor/laminas/laminas-mvc/src/Application.php(319): Laminas\EventManager\EventManager->triggerEventUntil()
#15 public/index.php(60): Laminas\Mvc\Application->run()
#16 {main}2023-12-05 20:19:23
 - ======================

 - ======================
Statement could not be executed (22001 - 1406 - Data too long for column 'variation_attributes' at row 1)
#0 module/Parser/src/Parser/Model/Product.php(585): Laminas\Db\Adapter\Driver\Pdo\Statement->execute()
#1 module/Parser/src/Parser/Model/Product.php(1673): Parser\Model\Product->update()
#2 module/Parser/src/Parser/Model/Product.php(1632): Parser\Model\Product->insertVariations()
#3 module/Parser/src/Parser/Model/Product.php(694): Parser\Model\Product->checkSyncStatus()
#4 module/Parser/src/Parser/Model/ProductSync.php(86): Parser\Model\Product->sync()
#5 module/Parser/src/Parser/Controller/ListController.php(208): Parser\Model\ProductSync->cronSyncProducts()
#6 vendor/laminas/laminas-mvc/src/Controller/AbstractActionController.php(72): Parser\Controller\ListController->syncAction()
#7 module/Parser/src/Parser/Controller/AbstractController.php(116): Laminas\Mvc\Controller\AbstractActionController->onDispatch()
#8 vendor/laminas/laminas-eventmanager/src/EventManager.php(320): Parser\Controller\AbstractController->onDispatch()
#9 vendor/laminas/laminas-eventmanager/src/EventManager.php(178): Laminas\EventManager\EventManager->triggerListeners()
#10 vendor/laminas/laminas-mvc/src/Controller/AbstractController.php(105): Laminas\EventManager\EventManager->triggerEventUntil()
#11 vendor/laminas/laminas-mvc/src/DispatchListener.php(117): Laminas\Mvc\Controller\AbstractController->dispatch()
#12 vendor/laminas/laminas-eventmanager/src/EventManager.php(320): Laminas\Mvc\DispatchListener->onDispatch()
#13 vendor/laminas/laminas-eventmanager/src/EventManager.php(178): Laminas\EventManager\EventManager->triggerListeners()
#14 vendor/laminas/laminas-mvc/src/Application.php(319): Laminas\EventManager\EventManager->triggerEventUntil()
#15 public/index.php(60): Laminas\Mvc\Application->run()
#16 {main}2023-12-06 00:31:23
 - ======================

 - ======================
Statement could not be executed (HY000 - 2006 - MySQL server has gone away)
#0 module/Parser/src/Parser/Model/Product.php(585): Laminas\Db\Adapter\Driver\Pdo\Statement->execute()
#1 module/Parser/src/Parser/Model/Product.php(770): Parser\Model\Product->update()
#2 module/Parser/src/Parser/Model/ProductSync.php(86): Parser\Model\Product->sync()
#3 module/Parser/src/Parser/Controller/ListController.php(208): Parser\Model\ProductSync->cronSyncProducts()
#4 vendor/laminas/laminas-mvc/src/Controller/AbstractActionController.php(72): Parser\Controller\ListController->syncAction()
#5 module/Parser/src/Parser/Controller/AbstractController.php(116): Laminas\Mvc\Controller\AbstractActionController->onDispatch()
#6 vendor/laminas/laminas-eventmanager/src/EventManager.php(320): Parser\Controller\AbstractController->onDispatch()
#7 vendor/laminas/laminas-eventmanager/src/EventManager.php(178): Laminas\EventManager\EventManager->triggerListeners()
#8 vendor/laminas/laminas-mvc/src/Controller/AbstractController.php(105): Laminas\EventManager\EventManager->triggerEventUntil()
#9 vendor/laminas/laminas-mvc/src/DispatchListener.php(117): Laminas\Mvc\Controller\AbstractController->dispatch()
#10 vendor/laminas/laminas-eventmanager/src/EventManager.php(320): Laminas\Mvc\DispatchListener->onDispatch()
#11 vendor/laminas/laminas-eventmanager/src/EventManager.php(178): Laminas\EventManager\EventManager->triggerListeners()
#12 vendor/laminas/laminas-mvc/src/Application.php(319): Laminas\EventManager\EventManager->triggerEventUntil()
#13 public/index.php(60): Laminas\Mvc\Application->run()
#14 {main}2023-12-06 00:49:40
 - ======================

 - ======================
Statement could not be executed (22001 - 1406 - Data too long for column 'variation_attributes' at row 1)
#0 module/Parser/src/Parser/Model/Product.php(585): Laminas\Db\Adapter\Driver\Pdo\Statement->execute()
#1 module/Parser/src/Parser/Model/Product.php(1673): Parser\Model\Product->update()
#2 module/Parser/src/Parser/Model/Product.php(1632): Parser\Model\Product->insertVariations()
#3 module/Parser/src/Parser/Model/Product.php(694): Parser\Model\Product->checkSyncStatus()
#4 module/Parser/src/Parser/Model/ProductSync.php(86): Parser\Model\Product->sync()
#5 module/Parser/src/Parser/Controller/ListController.php(208): Parser\Model\ProductSync->cronSyncProducts()
#6 vendor/laminas/laminas-mvc/src/Controller/AbstractActionController.php(72): Parser\Controller\ListController->syncAction()
#7 module/Parser/src/Parser/Controller/AbstractController.php(116): Laminas\Mvc\Controller\AbstractActionController->onDispatch()
#8 vendor/laminas/laminas-eventmanager/src/EventManager.php(320): Parser\Controller\AbstractController->onDispatch()
#9 vendor/laminas/laminas-eventmanager/src/EventManager.php(178): Laminas\EventManager\EventManager->triggerListeners()
#10 vendor/laminas/laminas-mvc/src/Controller/AbstractController.php(105): Laminas\EventManager\EventManager->triggerEventUntil()
#11 vendor/laminas/laminas-mvc/src/DispatchListener.php(117): Laminas\Mvc\Controller\AbstractController->dispatch()
#12 vendor/laminas/laminas-eventmanager/src/EventManager.php(320): Laminas\Mvc\DispatchListener->onDispatch()
#13 vendor/laminas/laminas-eventmanager/src/EventManager.php(178): Laminas\EventManager\EventManager->triggerListeners()
#14 vendor/laminas/laminas-mvc/src/Application.php(319): Laminas\EventManager\EventManager->triggerEventUntil()
#15 public/index.php(60): Laminas\Mvc\Application->run()
#16 {main}2023-12-06 01:36:39
 - ======================

 - ======================
Statement could not be executed (22001 - 1406 - Data too long for column 'variation_attributes' at row 1)
#0 module/Parser/src/Parser/Model/Product.php(585): Laminas\Db\Adapter\Driver\Pdo\Statement->execute()
#1 module/Parser/src/Parser/Model/Product.php(1673): Parser\Model\Product->update()
#2 module/Parser/src/Parser/Model/Product.php(1632): Parser\Model\Product->insertVariations()
#3 module/Parser/src/Parser/Model/Product.php(694): Parser\Model\Product->checkSyncStatus()
#4 module/Parser/src/Parser/Model/ProductSync.php(86): Parser\Model\Product->sync()
#5 module/Parser/src/Parser/Controller/ListController.php(208): Parser\Model\ProductSync->cronSyncProducts()
#6 vendor/laminas/laminas-mvc/src/Controller/AbstractActionController.php(72): Parser\Controller\ListController->syncAction()
#7 module/Parser/src/Parser/Controller/AbstractController.php(116): Laminas\Mvc\Controller\AbstractActionController->onDispatch()
#8 vendor/laminas/laminas-eventmanager/src/EventManager.php(320): Parser\Controller\AbstractController->onDispatch()
#9 vendor/laminas/laminas-eventmanager/src/EventManager.php(178): Laminas\EventManager\EventManager->triggerListeners()
#10 vendor/laminas/laminas-mvc/src/Controller/AbstractController.php(105): Laminas\EventManager\EventManager->triggerEventUntil()
#11 vendor/laminas/laminas-mvc/src/DispatchListener.php(117): Laminas\Mvc\Controller\AbstractController->dispatch()
#12 vendor/laminas/laminas-eventmanager/src/EventManager.php(320): Laminas\Mvc\DispatchListener->onDispatch()
#13 vendor/laminas/laminas-eventmanager/src/EventManager.php(178): Laminas\EventManager\EventManager->triggerListeners()
#14 vendor/laminas/laminas-mvc/src/Application.php(319): Laminas\EventManager\EventManager->triggerEventUntil()
#15 public/index.php(60): Laminas\Mvc\Application->run()
#16 {main}2023-12-06 02:39:52
 - ======================

 - ======================
Statement could not be executed (22001 - 1406 - Data too long for column 'variation_attributes' at row 1)
#0 module/Parser/src/Parser/Model/Product.php(585): Laminas\Db\Adapter\Driver\Pdo\Statement->execute()
#1 module/Parser/src/Parser/Model/Product.php(1673): Parser\Model\Product->update()
#2 module/Parser/src/Parser/Model/Product.php(1632): Parser\Model\Product->insertVariations()
#3 module/Parser/src/Parser/Model/Product.php(694): Parser\Model\Product->checkSyncStatus()
#4 module/Parser/src/Parser/Model/ProductSync.php(86): Parser\Model\Product->sync()
#5 module/Parser/src/Parser/Controller/ListController.php(208): Parser\Model\ProductSync->cronSyncProducts()
#6 vendor/laminas/laminas-mvc/src/Controller/AbstractActionController.php(72): Parser\Controller\ListController->syncAction()
#7 module/Parser/src/Parser/Controller/AbstractController.php(116): Laminas\Mvc\Controller\AbstractActionController->onDispatch()
#8 vendor/laminas/laminas-eventmanager/src/EventManager.php(320): Parser\Controller\AbstractController->onDispatch()
#9 vendor/laminas/laminas-eventmanager/src/EventManager.php(178): Laminas\EventManager\EventManager->triggerListeners()
#10 vendor/laminas/laminas-mvc/src/Controller/AbstractController.php(105): Laminas\EventManager\EventManager->triggerEventUntil()
#11 vendor/laminas/laminas-mvc/src/DispatchListener.php(117): Laminas\Mvc\Controller\AbstractController->dispatch()
#12 vendor/laminas/laminas-eventmanager/src/EventManager.php(320): Laminas\Mvc\DispatchListener->onDispatch()
#13 vendor/laminas/laminas-eventmanager/src/EventManager.php(178): Laminas\EventManager\EventManager->triggerListeners()
#14 vendor/laminas/laminas-mvc/src/Application.php(319): Laminas\EventManager\EventManager->triggerEventUntil()
#15 public/index.php(60): Laminas\Mvc\Application->run()
#16 {main}2023-12-06 03:41:59
 - ======================

 - ======================
Statement could not be executed (22001 - 1406 - Data too long for column 'variation_attributes' at row 1)
#0 module/Parser/src/Parser/Model/Product.php(585): Laminas\Db\Adapter\Driver\Pdo\Statement->execute()
#1 module/Parser/src/Parser/Model/Product.php(1673): Parser\Model\Product->update()
#2 module/Parser/src/Parser/Model/Product.php(1632): Parser\Model\Product->insertVariations()
#3 module/Parser/src/Parser/Model/Product.php(694): Parser\Model\Product->checkSyncStatus()
#4 module/Parser/src/Parser/Model/ProductSync.php(86): Parser\Model\Product->sync()
#5 module/Parser/src/Parser/Controller/ListController.php(208): Parser\Model\ProductSync->cronSyncProducts()
#6 vendor/laminas/laminas-mvc/src/Controller/AbstractActionController.php(72): Parser\Controller\ListController->syncAction()
#7 module/Parser/src/Parser/Controller/AbstractController.php(116): Laminas\Mvc\Controller\AbstractActionController->onDispatch()
#8 vendor/laminas/laminas-eventmanager/src/EventManager.php(320): Parser\Controller\AbstractController->onDispatch()
#9 vendor/laminas/laminas-eventmanager/src/EventManager.php(178): Laminas\EventManager\EventManager->triggerListeners()
#10 vendor/laminas/laminas-mvc/src/Controller/AbstractController.php(105): Laminas\EventManager\EventManager->triggerEventUntil()
#11 vendor/laminas/laminas-mvc/src/DispatchListener.php(117): Laminas\Mvc\Controller\AbstractController->dispatch()
#12 vendor/laminas/laminas-eventmanager/src/EventManager.php(320): Laminas\Mvc\DispatchListener->onDispatch()
#13 vendor/laminas/laminas-eventmanager/src/EventManager.php(178): Laminas\EventManager\EventManager->triggerListeners()
#14 vendor/laminas/laminas-mvc/src/Application.php(319): Laminas\EventManager\EventManager->triggerEventUntil()
#15 public/index.php(60): Laminas\Mvc\Application->run()
#16 {main}2023-12-06 04:45:17
 - ======================

 - ======================
Statement could not be executed (22001 - 1406 - Data too long for column 'variation_attributes' at row 1)
#0 module/Parser/src/Parser/Model/Product.php(585): Laminas\Db\Adapter\Driver\Pdo\Statement->execute()
#1 module/Parser/src/Parser/Model/Product.php(1673): Parser\Model\Product->update()
#2 module/Parser/src/Parser/Model/Product.php(1632): Parser\Model\Product->insertVariations()
#3 module/Parser/src/Parser/Model/Product.php(694): Parser\Model\Product->checkSyncStatus()
#4 module/Parser/src/Parser/Model/ProductSync.php(86): Parser\Model\Product->sync()
#5 module/Parser/src/Parser/Controller/ListController.php(208): Parser\Model\ProductSync->cronSyncProducts()
#6 vendor/laminas/laminas-mvc/src/Controller/AbstractActionController.php(72): Parser\Controller\ListController->syncAction()
#7 module/Parser/src/Parser/Controller/AbstractController.php(116): Laminas\Mvc\Controller\AbstractActionController->onDispatch()
#8 vendor/laminas/laminas-eventmanager/src/EventManager.php(320): Parser\Controller\AbstractController->onDispatch()
#9 vendor/laminas/laminas-eventmanager/src/EventManager.php(178): Laminas\EventManager\EventManager->triggerListeners()
#10 vendor/laminas/laminas-mvc/src/Controller/AbstractController.php(105): Laminas\EventManager\EventManager->triggerEventUntil()
#11 vendor/laminas/laminas-mvc/src/DispatchListener.php(117): Laminas\Mvc\Controller\AbstractController->dispatch()
#12 vendor/laminas/laminas-eventmanager/src/EventManager.php(320): Laminas\Mvc\DispatchListener->onDispatch()
#13 vendor/laminas/laminas-eventmanager/src/EventManager.php(178): Laminas\EventManager\EventManager->triggerListeners()
#14 vendor/laminas/laminas-mvc/src/Application.php(319): Laminas\EventManager\EventManager->triggerEventUntil()
#15 public/index.php(60): Laminas\Mvc\Application->run()
#16 {main}2023-12-06 05:48:16
 - ======================

 - ======================
Statement could not be executed (22001 - 1406 - Data too long for column 'variation_attributes' at row 1)
#0 module/Parser/src/Parser/Model/Product.php(585): Laminas\Db\Adapter\Driver\Pdo\Statement->execute()
#1 module/Parser/src/Parser/Model/Product.php(1673): Parser\Model\Product->update()
#2 module/Parser/src/Parser/Model/Product.php(1632): Parser\Model\Product->insertVariations()
#3 module/Parser/src/Parser/Model/Product.php(694): Parser\Model\Product->checkSyncStatus()
#4 module/Parser/src/Parser/Model/ProductSync.php(86): Parser\Model\Product->sync()
#5 module/Parser/src/Parser/Controller/ListController.php(208): Parser\Model\ProductSync->cronSyncProducts()
#6 vendor/laminas/laminas-mvc/src/Controller/AbstractActionController.php(72): Parser\Controller\ListController->syncAction()
#7 module/Parser/src/Parser/Controller/AbstractController.php(116): Laminas\Mvc\Controller\AbstractActionController->onDispatch()
#8 vendor/laminas/laminas-eventmanager/src/EventManager.php(320): Parser\Controller\AbstractController->onDispatch()
#9 vendor/laminas/laminas-eventmanager/src/EventManager.php(178): Laminas\EventManager\EventManager->triggerListeners()
#10 vendor/laminas/laminas-mvc/src/Controller/AbstractController.php(105): Laminas\EventManager\EventManager->triggerEventUntil()
#11 vendor/laminas/laminas-mvc/src/DispatchListener.php(117): Laminas\Mvc\Controller\AbstractController->dispatch()
#12 vendor/laminas/laminas-eventmanager/src/EventManager.php(320): Laminas\Mvc\DispatchListener->onDispatch()
#13 vendor/laminas/laminas-eventmanager/src/EventManager.php(178): Laminas\EventManager\EventManager->triggerListeners()
#14 vendor/laminas/laminas-mvc/src/Application.php(319): Laminas\EventManager\EventManager->triggerEventUntil()
#15 public/index.php(60): Laminas\Mvc\Application->run()
#16 {main}2023-12-06 06:51:38
 - ======================

 - ======================
Statement could not be executed (22001 - 1406 - Data too long for column 'variation_attributes' at row 1)
#0 module/Parser/src/Parser/Model/Product.php(585): Laminas\Db\Adapter\Driver\Pdo\Statement->execute()
#1 module/Parser/src/Parser/Model/Product.php(1673): Parser\Model\Product->update()
#2 module/Parser/src/Parser/Model/Product.php(1632): Parser\Model\Product->insertVariations()
#3 module/Parser/src/Parser/Model/Product.php(694): Parser\Model\Product->checkSyncStatus()
#4 module/Parser/src/Parser/Model/ProductSync.php(86): Parser\Model\Product->sync()
#5 module/Parser/src/Parser/Controller/ListController.php(208): Parser\Model\ProductSync->cronSyncProducts()
#6 vendor/laminas/laminas-mvc/src/Controller/AbstractActionController.php(72): Parser\Controller\ListController->syncAction()
#7 module/Parser/src/Parser/Controller/AbstractController.php(116): Laminas\Mvc\Controller\AbstractActionController->onDispatch()
#8 vendor/laminas/laminas-eventmanager/src/EventManager.php(320): Parser\Controller\AbstractController->onDispatch()
#9 vendor/laminas/laminas-eventmanager/src/EventManager.php(178): Laminas\EventManager\EventManager->triggerListeners()
#10 vendor/laminas/laminas-mvc/src/Controller/AbstractController.php(105): Laminas\EventManager\EventManager->triggerEventUntil()
#11 vendor/laminas/laminas-mvc/src/DispatchListener.php(117): Laminas\Mvc\Controller\AbstractController->dispatch()
#12 vendor/laminas/laminas-eventmanager/src/EventManager.php(320): Laminas\Mvc\DispatchListener->onDispatch()
#13 vendor/laminas/laminas-eventmanager/src/EventManager.php(178): Laminas\EventManager\EventManager->triggerListeners()
#14 vendor/laminas/laminas-mvc/src/Application.php(319): Laminas\EventManager\EventManager->triggerEventUntil()
#15 public/index.php(60): Laminas\Mvc\Application->run()
#16 {main}2023-12-06 07:54:44
 - ======================

 - ======================
Statement could not be executed (22001 - 1406 - Data too long for column 'variation_attributes' at row 1)
#0 module/Parser/src/Parser/Model/Product.php(585): Laminas\Db\Adapter\Driver\Pdo\Statement->execute()
#1 module/Parser/src/Parser/Model/Product.php(1673): Parser\Model\Product->update()
#2 module/Parser/src/Parser/Model/Product.php(1632): Parser\Model\Product->insertVariations()
#3 module/Parser/src/Parser/Model/Product.php(694): Parser\Model\Product->checkSyncStatus()
#4 module/Parser/src/Parser/Model/ProductSync.php(86): Parser\Model\Product->sync()
#5 module/Parser/src/Parser/Controller/ListController.php(208): Parser\Model\ProductSync->cronSyncProducts()
#6 vendor/laminas/laminas-mvc/src/Controller/AbstractActionController.php(72): Parser\Controller\ListController->syncAction()
#7 module/Parser/src/Parser/Controller/AbstractController.php(116): Laminas\Mvc\Controller\AbstractActionController->onDispatch()
#8 vendor/laminas/laminas-eventmanager/src/EventManager.php(320): Parser\Controller\AbstractController->onDispatch()
#9 vendor/laminas/laminas-eventmanager/src/EventManager.php(178): Laminas\EventManager\EventManager->triggerListeners()
#10 vendor/laminas/laminas-mvc/src/Controller/AbstractController.php(105): Laminas\EventManager\EventManager->triggerEventUntil()
#11 vendor/laminas/laminas-mvc/src/DispatchListener.php(117): Laminas\Mvc\Controller\AbstractController->dispatch()
#12 vendor/laminas/laminas-eventmanager/src/EventManager.php(320): Laminas\Mvc\DispatchListener->onDispatch()
#13 vendor/laminas/laminas-eventmanager/src/EventManager.php(178): Laminas\EventManager\EventManager->triggerListeners()
#14 vendor/laminas/laminas-mvc/src/Application.php(319): Laminas\EventManager\EventManager->triggerEventUntil()
#15 public/index.php(60): Laminas\Mvc\Application->run()
#16 {main}2023-12-06 08:57:32
 - ======================

 - ======================
Statement could not be executed (22001 - 1406 - Data too long for column 'variation_attributes' at row 1)
#0 module/Parser/src/Parser/Model/Product.php(585): Laminas\Db\Adapter\Driver\Pdo\Statement->execute()
#1 module/Parser/src/Parser/Model/Product.php(1673): Parser\Model\Product->update()
#2 module/Parser/src/Parser/Model/Product.php(1632): Parser\Model\Product->insertVariations()
#3 module/Parser/src/Parser/Model/Product.php(694): Parser\Model\Product->checkSyncStatus()
#4 module/Parser/src/Parser/Model/ProductSync.php(86): Parser\Model\Product->sync()
#5 module/Parser/src/Parser/Controller/ListController.php(208): Parser\Model\ProductSync->cronSyncProducts()
#6 vendor/laminas/laminas-mvc/src/Controller/AbstractActionController.php(72): Parser\Controller\ListController->syncAction()
#7 module/Parser/src/Parser/Controller/AbstractController.php(116): Laminas\Mvc\Controller\AbstractActionController->onDispatch()
#8 vendor/laminas/laminas-eventmanager/src/EventManager.php(320): Parser\Controller\AbstractController->onDispatch()
#9 vendor/laminas/laminas-eventmanager/src/EventManager.php(178): Laminas\EventManager\EventManager->triggerListeners()
#10 vendor/laminas/laminas-mvc/src/Controller/AbstractController.php(105): Laminas\EventManager\EventManager->triggerEventUntil()
#11 vendor/laminas/laminas-mvc/src/DispatchListener.php(117): Laminas\Mvc\Controller\AbstractController->dispatch()
#12 vendor/laminas/laminas-eventmanager/src/EventManager.php(320): Laminas\Mvc\DispatchListener->onDispatch()
#13 vendor/laminas/laminas-eventmanager/src/EventManager.php(178): Laminas\EventManager\EventManager->triggerListeners()
#14 vendor/laminas/laminas-mvc/src/Application.php(319): Laminas\EventManager\EventManager->triggerEventUntil()
#15 public/index.php(60): Laminas\Mvc\Application->run()
#16 {main}2023-12-06 10:00:45
 - ======================

 - ======================
Statement could not be executed (22001 - 1406 - Data too long for column 'variation_attributes' at row 1)
#0 module/Parser/src/Parser/Model/Product.php(585): Laminas\Db\Adapter\Driver\Pdo\Statement->execute()
#1 module/Parser/src/Parser/Model/Product.php(1673): Parser\Model\Product->update()
#2 module/Parser/src/Parser/Model/Product.php(1632): Parser\Model\Product->insertVariations()
#3 module/Parser/src/Parser/Model/Product.php(694): Parser\Model\Product->checkSyncStatus()
#4 module/Parser/src/Parser/Model/ProductSync.php(86): Parser\Model\Product->sync()
#5 module/Parser/src/Parser/Controller/ListController.php(208): Parser\Model\ProductSync->cronSyncProducts()
#6 vendor/laminas/laminas-mvc/src/Controller/AbstractActionController.php(72): Parser\Controller\ListController->syncAction()
#7 module/Parser/src/Parser/Controller/AbstractController.php(116): Laminas\Mvc\Controller\AbstractActionController->onDispatch()
#8 vendor/laminas/laminas-eventmanager/src/EventManager.php(320): Parser\Controller\AbstractController->onDispatch()
#9 vendor/laminas/laminas-eventmanager/src/EventManager.php(178): Laminas\EventManager\EventManager->triggerListeners()
#10 vendor/laminas/laminas-mvc/src/Controller/AbstractController.php(105): Laminas\EventManager\EventManager->triggerEventUntil()
#11 vendor/laminas/laminas-mvc/src/DispatchListener.php(117): Laminas\Mvc\Controller\AbstractController->dispatch()
#12 vendor/laminas/laminas-eventmanager/src/EventManager.php(320): Laminas\Mvc\DispatchListener->onDispatch()
#13 vendor/laminas/laminas-eventmanager/src/EventManager.php(178): Laminas\EventManager\EventManager->triggerListeners()
#14 vendor/laminas/laminas-mvc/src/Application.php(319): Laminas\EventManager\EventManager->triggerEventUntil()
#15 public/index.php(60): Laminas\Mvc\Application->run()
#16 {main}2023-12-06 11:08:05
 - ======================

 - ======================
Statement could not be executed (22001 - 1406 - Data too long for column 'variation_attributes' at row 1)
#0 module/Parser/src/Parser/Model/Product.php(585): Laminas\Db\Adapter\Driver\Pdo\Statement->execute()
#1 module/Parser/src/Parser/Model/Product.php(1673): Parser\Model\Product->update()
#2 module/Parser/src/Parser/Model/Product.php(1632): Parser\Model\Product->insertVariations()
#3 module/Parser/src/Parser/Model/Product.php(694): Parser\Model\Product->checkSyncStatus()
#4 module/Parser/src/Parser/Model/ProductSync.php(86): Parser\Model\Product->sync()
#5 module/Parser/src/Parser/Controller/ListController.php(208): Parser\Model\ProductSync->cronSyncProducts()
#6 vendor/laminas/laminas-mvc/src/Controller/AbstractActionController.php(72): Parser\Controller\ListController->syncAction()
#7 module/Parser/src/Parser/Controller/AbstractController.php(116): Laminas\Mvc\Controller\AbstractActionController->onDispatch()
#8 vendor/laminas/laminas-eventmanager/src/EventManager.php(320): Parser\Controller\AbstractController->onDispatch()
#9 vendor/laminas/laminas-eventmanager/src/EventManager.php(178): Laminas\EventManager\EventManager->triggerListeners()
#10 vendor/laminas/laminas-mvc/src/Controller/AbstractController.php(105): Laminas\EventManager\EventManager->triggerEventUntil()
#11 vendor/laminas/laminas-mvc/src/DispatchListener.php(117): Laminas\Mvc\Controller\AbstractController->dispatch()
#12 vendor/laminas/laminas-eventmanager/src/EventManager.php(320): Laminas\Mvc\DispatchListener->onDispatch()
#13 vendor/laminas/laminas-eventmanager/src/EventManager.php(178): Laminas\EventManager\EventManager->triggerListeners()
#14 vendor/laminas/laminas-mvc/src/Application.php(319): Laminas\EventManager\EventManager->triggerEventUntil()
#15 public/index.php(60): Laminas\Mvc\Application->run()
#16 {main}2023-12-06 12:10:59
 - ======================

 - ======================
Statement could not be executed (22001 - 1406 - Data too long for column 'variation_attributes' at row 1)
#0 module/Parser/src/Parser/Model/Product.php(585): Laminas\Db\Adapter\Driver\Pdo\Statement->execute()
#1 module/Parser/src/Parser/Model/Product.php(1673): Parser\Model\Product->update()
#2 module/Parser/src/Parser/Model/Product.php(1632): Parser\Model\Product->insertVariations()
#3 module/Parser/src/Parser/Model/Product.php(694): Parser\Model\Product->checkSyncStatus()
#4 module/Parser/src/Parser/Model/ProductSync.php(86): Parser\Model\Product->sync()
#5 module/Parser/src/Parser/Controller/ListController.php(208): Parser\Model\ProductSync->cronSyncProducts()
#6 vendor/laminas/laminas-mvc/src/Controller/AbstractActionController.php(72): Parser\Controller\ListController->syncAction()
#7 module/Parser/src/Parser/Controller/AbstractController.php(116): Laminas\Mvc\Controller\AbstractActionController->onDispatch()
#8 vendor/laminas/laminas-eventmanager/src/EventManager.php(320): Parser\Controller\AbstractController->onDispatch()
#9 vendor/laminas/laminas-eventmanager/src/EventManager.php(178): Laminas\EventManager\EventManager->triggerListeners()
#10 vendor/laminas/laminas-mvc/src/Controller/AbstractController.php(105): Laminas\EventManager\EventManager->triggerEventUntil()
#11 vendor/laminas/laminas-mvc/src/DispatchListener.php(117): Laminas\Mvc\Controller\AbstractController->dispatch()
#12 vendor/laminas/laminas-eventmanager/src/EventManager.php(320): Laminas\Mvc\DispatchListener->onDispatch()
#13 vendor/laminas/laminas-eventmanager/src/EventManager.php(178): Laminas\EventManager\EventManager->triggerListeners()
#14 vendor/laminas/laminas-mvc/src/Application.php(319): Laminas\EventManager\EventManager->triggerEventUntil()
#15 public/index.php(60): Laminas\Mvc\Application->run()
#16 {main}2023-12-06 13:14:18
 - ======================
